Component is : Perform_GBR_SIMBLOCK_UNBLOCK
GBR_SIM_BLOCK_UNBLOCK_01
GBR_SIM_BLOCK_UNBLOCK_02
GBR_SIM_BLOCK_UNBLOCK_03
GBR_SIM_BLOCK_UNBLOCK_05
GBR_SIM_BLOCK_UNBLOCK_06
GBR_SIM_BLOCK_UNBLOCK_08
GBR_SIM_BLOCK_UNBLOCK_16
GBR_SIM_BLOCK_UNBLOCK_19

Component is : Perform_GBR_SIMBLOCK_UNBLOCK
GBR_SIM_BLOCK_UNBLOCK_01
GBR_SIM_BLOCK_UNBLOCK_02
GBR_SIM_BLOCK_UNBLOCK_03
GBR_SIM_BLOCK_UNBLOCK_05
GBR_SIM_BLOCK_UNBLOCK_06
GBR_SIM_BLOCK_UNBLOCK_08
GBR_SIM_BLOCK_UNBLOCK_16
GBR_SIM_BLOCK_UNBLOCK_19


Component is : Pre_APP_GBR_SIMBLOCK_UNBLOCK1
GBR_SIM_BLOCK_UNBLOCK_03


Component is : Perform_GBR_SIMBLOCK_UNBLOCK1
GBR_SIM_BLOCK_UNBLOCK_04
GBR_SIM_BLOCK_UNBLOCK_07
GBR_SIM_BLOCK_UNBLOCK_09


Component is : Perform_GBR_SIMBLOCK_UNBLOCK2
GBR_SIM_BLOCK_UNBLOCK_10
GBR_SIM_BLOCK_UNBLOCK_11


Component is : DO_GBR_SIMBLOCK_UNBLOCK_AGENT
GBR_SIM_BLOCK_UNBLOCK_12
GBR_SIM_BLOCK_UNBLOCK_13
GBR_SIM_BLOCK_UNBLOCK_14
GBR_SIM_BLOCK_UNBLOCK_15


Component is : Pending_Approval_SIMBLOCK
GBR_SIM_BLOCK_UNBLOCK_12
GBR_SIM_BLOCK_UNBLOCK_14


Component is : Pending_Approval_SIM_UNBLOCK
GBR_SIM_BLOCK_UNBLOCK_13
GBR_SIM_BLOCK_UNBLOCK_15


Component is : Create_New_TicketID
GBR_SIM_BLOCK_UNBLOCK_17
GBR_SIM_BLOCK_UNBLOCK_18


Component is : Perform_GBR_SIMBLOCK_UNBLOCK3
GBR_SIM_BLOCK_UNBLOCK_17
GBR_SIM_BLOCK_UNBLOCK_18


Component is : DO_BUNDLE_PURCHASE_PRECON
GBR_MODIFY_SUBS_BUNDLE_01
GBR_MODIFY_SUBS_BUNDLE_02
GBR_MODIFY_SUBS_BUNDLE_03
GBR_MODIFY_SUBS_BUNDLE_04
GBR_MODIFY_SUBS_BUNDLE_05
GBR_MODIFY_SUBS_BUNDLE_06
GBR_MODIFY_SUBS_BUNDLE_07
GBR_MODIFY_SUBS_BUNDLE_08
GBR_MODIFY_SUBS_BUNDLE_09
GBR_MODIFY_SUBS_BUNDLE_10
GBR_MODIFY_SUBS_BUNDLE_11
GBR_MODIFY_SUBS_BUNDLE_12
GBR_MODIFY_SUBS_BUNDLE_13
GBR_MODIFY_SUBS_BUNDLE_14
GBR_MODIFY_SUBS_BUNDLE_15
GBR_MODIFY_SUBS_BUNDLE_16
GBR_MODIFY_SUBS_BUNDLE_17
GBR_MODIFY_SUBS_BUNDLE_18
GBR_MODIFY_SUBS_BUNDLE_19


Component is : VERIFY_MODIFY_SUBS_BUNDLE_GRID
GBR_MODIFY_SUBS_BUNDLE_01
GBR_MODIFY_SUBS_BUNDLE_02
GBR_MODIFY_SUBS_BUNDLE_03
GBR_MODIFY_SUBS_BUNDLE_04
GBR_MODIFY_SUBS_BUNDLE_05
GBR_MODIFY_SUBS_BUNDLE_06
GBR_MODIFY_SUBS_BUNDLE_07
GBR_MODIFY_SUBS_BUNDLE_08
GBR_MODIFY_SUBS_BUNDLE_09
GBR_MODIFY_SUBS_BUNDLE_10
GBR_MODIFY_SUBS_BUNDLE_11
GBR_MODIFY_SUBS_BUNDLE_15
GBR_MODIFY_SUBS_BUNDLE_16
GBR_MODIFY_SUBS_BUNDLE_17
GBR_MODIFY_SUBS_BUNDLE_18


Component is : DO_MODIFY_SUBS_BUNDLE
GBR_MODIFY_SUBS_BUNDLE_03
GBR_MODIFY_SUBS_BUNDLE_04
GBR_MODIFY_SUBS_BUNDLE_05
GBR_MODIFY_SUBS_BUNDLE_06
GBR_MODIFY_SUBS_BUNDLE_07
GBR_MODIFY_SUBS_BUNDLE_08
GBR_MODIFY_SUBS_BUNDLE_09
GBR_MODIFY_SUBS_BUNDLE_10
GBR_MODIFY_SUBS_BUNDLE_11
GBR_MODIFY_SUBS_BUNDLE_16
GBR_MODIFY_SUBS_BUNDLE_17
GBR_MODIFY_SUBS_BUNDLE_18


Component is : DO_APPROVAL_MODIFY_BUNDLE
GBR_MODIFY_SUBS_BUNDLE_09
GBR_MODIFY_SUBS_BUNDLE_10
GBR_MODIFY_SUBS_BUNDLE_11
GBR_MODIFY_SUBS_BUNDLE_16
GBR_MODIFY_SUBS_BUNDLE_17
GBR_MODIFY_SUBS_BUNDLE_18


Component is : DO_MODIFY_BUNDLE_WITH_ALERT
GBR_MODIFY_SUBS_BUNDLE_12
GBR_MODIFY_SUBS_BUNDLE_13


Component is : DO_MODIFY_BUNDLE_WITH_ALERT
GBR_MODIFY_SUBS_BUNDLE_12
GBR_MODIFY_SUBS_BUNDLE_13


Component is : DO_MODIFY_BUNDLE_RESET
GBR_MODIFY_SUBS_BUNDLE_14


Component is : DO_MODIFY_BUNDLE_WITH_DATE
GBR_MODIFY_SUBS_BUNDLE_15


Component is : VALIDATE_MODIFY_BUNDLE_FIELDS
GBR_MODIFY_SUBS_BUNDLE_19


Component is : DO_NUMBER_SAFE_CUSTODY
GBR_NUMBER_SAFE_CUSTODY_01
GBR_NUMBER_SAFE_CUSTODY_08
GBR_NUMBER_SAFE_CUSTODY_10
GBR_NUMBER_SAFE_CUSTODY_13


Component is : VALIDATE_NUMBER_SAFE_CUSTODY
GBR_NUMBER_SAFE_CUSTODY_02
GBR_NUMBER_SAFE_CUSTODY_03
GBR_NUMBER_SAFE_CUSTODY_11


Component is : VALIDATE_EMAIL_IN_SAFE_CUSTODY
GBR_NUMBER_SAFE_CUSTODY_04
GBR_NUMBER_SAFE_CUSTODY_05


Component is : VALIDATE_SAFE_HOLD_DATES
GBR_NUMBER_SAFE_CUSTODY_06


Component is : VALIDATE_SAFE_CUSTODY_FEE
GBR_NUMBER_SAFE_CUSTODY_07


Component is : VALIDATE_NUMBER_CUSTODY_CAL
GBR_NUMBER_SAFE_CUSTODY_09


Component is : VALIDATE_SAFE_HOLD_FEE
GBR_NUMBER_SAFE_CUSTODY_12


Component is : DEACTIVATE_SAFE_CUSTODY
GBR_NUMBER_SAFE_CUSTODY_13


Component is : DISABLE_CHANGE_PLAN_USA
USA_CHANGE_PLAN_01
USA_CHANGE_PLAN_08
USA_CHANGE_PLAN_20


Component is : DO_CHANGE_PLAN_USA
USA_CHANGE_PLAN_02
USA_CHANGE_PLAN_03
USA_CHANGE_PLAN_04
USA_CHANGE_PLAN_05
USA_CHANGE_PLAN_06
USA_CHANGE_PLAN_07
USA_CHANGE_PLAN_09
USA_CHANGE_PLAN_10
USA_CHANGE_PLAN_11
USA_CHANGE_PLAN_12
USA_CHANGE_PLAN_13
USA_CHANGE_PLAN_14
USA_CHANGE_PLAN_15
USA_CHANGE_PLAN_16
USA_CHANGE_PLAN_18
USA_CHANGE_PLAN_19
USA_CHANGE_PLAN_21
USA_CHANGE_PLAN_22
USA_CHANGE_PLAN_23
USA_CHANGE_PLAN_24
USA_CHANGE_PLAN_25
USA_CHANGE_PLAN_27
USA_CHANGE_PLAN_28
USA_CHANGE_PLAN_29
USA_CHANGE_PLAN_30
USA_CHANGE_PLAN_31
USA_CHANGE_PLAN_32


Component is : CHANGE_PLAN_APPROVAL_USA
USA_CHANGE_PLAN_03
USA_CHANGE_PLAN_13
USA_CHANGE_PLAN_15
USA_CHANGE_PLAN_19
USA_CHANGE_PLAN_30


Component is : CHANGE_PLAN_REJECT_USA
USA_CHANGE_PLAN_04
USA_CHANGE_PLAN_14
USA_CHANGE_PLAN_16
USA_CHANGE_PLAN_29
USA_CHANGE_PLAN_31


Component is : VALIDATE_CHANGE_PLAN_USA
USA_CHANGE_PLAN_17
USA_CHANGE_PLAN_26


Component is : DO_CHANGE_PLAN_USA_1
USA_CHANGE_PLAN_25


Component is : CHANGE_PLAN_USA_SUBS_VIEW
USA_CHANGE_PLAN_32


Component is : GET_USA_CHANGE_PLAN_HISTORY
USA_CHANGE_PLAN_33


Component is : VALIDATE_CHANGE_PLAN_HISTORY
USA_CHANGE_PLAN_33


